# JRE version: Java(TM) SE Runtime Environment (8.0_211-b12) (build 1.8.0_211-b12)
# Java VM: Java HotSpot(TM) 64-Bit Server VM (25.211-b12 mixed mode linux-amd64 compressed oops)
Heap:
 PSYoungGen      total 130048K, used 63735K [0x00000000e1780000, 0x00000000eb280000, 0x0000000100000000)
  eden space 105472K, 43% used [0x00000000e1780000,0x00000000e4466758,0x00000000e7e80000)
  from space 24576K, 72% used [0x00000000e9a80000,0x00000000eabd77d8,0x00000000eb280000)
  to   space 26624K, 0% used [0x00000000e7e80000,0x00000000e7e80000,0x00000000e9880000)
 ParOldGen       total 117248K, used 43661K [0x00000000a4600000, 0x00000000ab880000, 0x00000000e1780000)
  object space 117248K, 37% used [0x00000000a4600000,0x00000000a70a3568,0x00000000ab880000)
 Metaspace       used 47598K, capacity 49658K, committed 49920K, reserved 1093632K
  class space    used 6248K, capacity 6644K, committed 6656K, reserved 1048576K
GC Heap History (10 events):
Event: 7,108 GC heap before
{Heap before GC invocations=10 (full 1):
 PSYoungGen      total 93184K, used 93156K [0x00000000e1780000, 0x00000000e8900000, 0x0000000100000000)
  eden space 81408K, 100% used [0x00000000e1780000,0x00000000e6700000,0x00000000e6700000)
  from space 11776K, 99% used [0x00000000e7580000,0x00000000e80f93c0,0x00000000e8100000)
  to   space 14848K, 0% used [0x00000000e6700000,0x00000000e6700000,0x00000000e7580000)
 ParOldGen       total 53760K, used 16962K [0x00000000a4600000, 0x00000000a7a80000, 0x00000000e1780000)
  object space 53760K, 31% used [0x00000000a4600000,0x00000000a56908a8,0x00000000a7a80000)
 Metaspace       used 28811K, capacity 29324K, committed 29824K, reserved 1075200K
  class space    used 3426K, capacity 3588K, committed 3712K, reserved 1048576K
Event: 7,133 GC heap after
Heap after GC invocations=10 (full 1):
 PSYoungGen      total 96256K, used 14821K [0x00000000e1780000, 0x00000000e9d80000, 0x0000000100000000)
  eden space 81408K, 0% used [0x00000000e1780000,0x00000000e1780000,0x00000000e6700000)
  from space 14848K, 99% used [0x00000000e6700000,0x00000000e75795e0,0x00000000e7580000)
  to   space 18944K, 0% used [0x00000000e8b00000,0x00000000e8b00000,0x00000000e9d80000)
 ParOldGen       total 53760K, used 20608K [0x00000000a4600000, 0x00000000a7a80000, 0x00000000e1780000)
  object space 53760K, 38% used [0x00000000a4600000,0x00000000a5a20090,0x00000000a7a80000)
 Metaspace       used 28811K, capacity 29324K, committed 29824K, reserved 1075200K
  class space    used 3426K, capacity 3588K, committed 3712K, reserved 1048576K
}
Event: 8,749 GC heap before
{Heap before GC invocations=11 (full 1):
 PSYoungGen      total 96256K, used 93766K [0x00000000e1780000, 0x00000000e9d80000, 0x0000000100000000)
  eden space 81408K, 96% used [0x00000000e1780000,0x00000000e64984b8,0x00000000e6700000)
  from space 14848K, 99% used [0x00000000e6700000,0x00000000e75795e0,0x00000000e7580000)
  to   space 18944K, 0% used [0x00000000e8b00000,0x00000000e8b00000,0x00000000e9d80000)
 ParOldGen       total 53760K, used 20608K [0x00000000a4600000, 0x00000000a7a80000, 0x00000000e1780000)
  object space 53760K, 38% used [0x00000000a4600000,0x00000000a5a20090,0x00000000a7a80000)
 Metaspace       used 34553K, capacity 35346K, committed 35456K, reserved 1079296K
  class space    used 4466K, capacity 4660K, committed 4736K, reserved 1048576K
Event: 8,776 GC heap after
Heap after GC invocations=11 (full 1):
 PSYoungGen      total 110592K, used 18922K [0x00000000e1780000, 0x00000000ead00000, 0x0000000100000000)
  eden space 91648K, 0% used [0x00000000e1780000,0x00000000e1780000,0x00000000e7100000)
  from space 18944K, 99% used [0x00000000e8b00000,0x00000000e9d7a9a8,0x00000000e9d80000)
  to   space 26624K, 0% used [0x00000000e7100000,0x00000000e7100000,0x00000000e8b00000)
 ParOldGen       total 53760K, used 33591K [0x00000000a4600000, 0x00000000a7a80000, 0x00000000e1780000)
  object space 53760K, 62% used [0x00000000a4600000,0x00000000a66cdc58,0x00000000a7a80000)
 Metaspace       used 34553K, capacity 35346K, committed 35456K, reserved 1079296K
  class space    used 4466K, capacity 4660K, committed 4736K, reserved 1048576K
}
Event: 8,777 GC heap before
{Heap before GC invocations=12 (full 2):
 PSYoungGen      total 110592K, used 18922K [0x00000000e1780000, 0x00000000ead00000, 0x0000000100000000)
  eden space 91648K, 0% used [0x00000000e1780000,0x00000000e1780000,0x00000000e7100000)
  from space 18944K, 99% used [0x00000000e8b00000,0x00000000e9d7a9a8,0x00000000e9d80000)
  to   space 26624K, 0% used [0x00000000e7100000,0x00000000e7100000,0x00000000e8b00000)
 ParOldGen       total 53760K, used 33591K [0x00000000a4600000, 0x00000000a7a80000, 0x00000000e1780000)
  object space 53760K, 62% used [0x00000000a4600000,0x00000000a66cdc58,0x00000000a7a80000)
 Metaspace       used 34553K, capacity 35346K, committed 35456K, reserved 1079296K
  class space    used 4466K, capacity 4660K, committed 4736K, reserved 1048576K
Event: 8,971 GC heap after
Heap after GC invocations=12 (full 2):
 PSYoungGen      total 110592K, used 0K [0x00000000e1780000, 0x00000000ead00000, 0x0000000100000000)
  eden space 91648K, 0% used [0x00000000e1780000,0x00000000e1780000,0x00000000e7100000)
  from space 18944K, 0% used [0x00000000e8b00000,0x00000000e8b00000,0x00000000e9d80000)
  to   space 26624K, 0% used [0x00000000e7100000,0x00000000e7100000,0x00000000e8b00000)
 ParOldGen       total 117248K, used 43645K [0x00000000a4600000, 0x00000000ab880000, 0x00000000e1780000)
  object space 117248K, 37% used [0x00000000a4600000,0x00000000a709f568,0x00000000ab880000)
 Metaspace       used 34553K, capacity 35346K, committed 35456K, reserved 1079296K
  class space    used 4466K, capacity 4660K, committed 4736K, reserved 1048576K
}
Event: 69,605 GC heap before
{Heap before GC invocations=13 (full 2):
 PSYoungGen      total 110592K, used 91648K [0x00000000e1780000, 0x00000000ead00000, 0x0000000100000000)
  eden space 91648K, 100% used [0x00000000e1780000,0x00000000e7100000,0x00000000e7100000)
  from space 18944K, 0% used [0x00000000e8b00000,0x00000000e8b00000,0x00000000e9d80000)
  to   space 26624K, 0% used [0x00000000e7100000,0x00000000e7100000,0x00000000e8b00000)
 ParOldGen       total 117248K, used 43645K [0x00000000a4600000, 0x00000000ab880000, 0x00000000e1780000)
  object space 117248K, 37% used [0x00000000a4600000,0x00000000a709f568,0x00000000ab880000)
 Metaspace       used 44748K, capacity 46464K, committed 46592K, reserved 1089536K
  class space    used 6041K, capacity 6373K, committed 6400K, reserved 1048576K
Event: 69,618 GC heap after
Heap after GC invocations=13 (full 2):
 PSYoungGen      total 118272K, used 12441K [0x00000000e1780000, 0x00000000eb380000, 0x0000000100000000)
  eden space 91648K, 0% used [0x00000000e1780000,0x00000000e1780000,0x00000000e7100000)
  from space 26624K, 46% used [0x00000000e7100000,0x00000000e7d26498,0x00000000e8b00000)
  to   space 25600K, 0% used [0x00000000e9a80000,0x00000000e9a80000,0x00000000eb380000)
 ParOldGen       total 117248K, used 43653K [0x00000000a4600000, 0x00000000ab880000, 0x00000000e1780000)
  object space 117248K, 37% used [0x00000000a4600000,0x00000000a70a1568,0x00000000ab880000)
 Metaspace       used 44748K, capacity 46464K, committed 46592K, reserved 1089536K
  class space    used 6041K, capacity 6373K, committed 6400K, reserved 1048576K
}
Event: 517,206 GC heap before
{Heap before GC invocations=14 (full 2):
 PSYoungGen      total 118272K, used 104089K [0x00000000e1780000, 0x00000000eb380000, 0x0000000100000000)
  eden space 91648K, 100% used [0x00000000e1780000,0x00000000e7100000,0x00000000e7100000)
  from space 26624K, 46% used [0x00000000e7100000,0x00000000e7d26498,0x00000000e8b00000)
  to   space 25600K, 0% used [0x00000000e9a80000,0x00000000e9a80000,0x00000000eb380000)
 ParOldGen       total 117248K, used 43653K [0x00000000a4600000, 0x00000000ab880000, 0x00000000e1780000)
  object space 117248K, 37% used [0x00000000a4600000,0x00000000a70a1568,0x00000000ab880000)
 Metaspace       used 47324K, capacity 49436K, committed 49664K, reserved 1091584K
  class space    used 6244K, capacity 6641K, committed 6656K, reserved 1048576K
Event: 517,231 GC heap after
Heap after GC invocations=14 (full 2):
 PSYoungGen      total 130048K, used 17757K [0x00000000e1780000, 0x00000000eb280000, 0x0000000100000000)
  eden space 105472K, 0% used [0x00000000e1780000,0x00000000e1780000,0x00000000e7e80000)
  from space 24576K, 72% used [0x00000000e9a80000,0x00000000eabd77d8,0x00000000eb280000)
  to   space 26624K, 0% used [0x00000000e7e80000,0x00000000e7e80000,0x00000000e9880000)
 ParOldGen       total 117248K, used 43661K [0x00000000a4600000, 0x00000000ab880000, 0x00000000e1780000)
  object space 117248K, 37% used [0x00000000a4600000,0x00000000a70a3568,0x00000000ab880000)
 Metaspace       used 47324K, capacity 49436K, committed 49664K, reserved 1091584K
  class space    used 6244K, capacity 6641K, committed 6656K, reserved 1048576K
}

